Email sending attempt on : January 5, 2022, 5:24 am ; Email Status : Error 
Email sending attempt on : January 5, 2022, 5:24 am ; Email Status : Error 
Email sending attempt on : January 5, 2022, 5:26 am ; Email Status : Successful 
Email sending attempt on : January 5, 2022, 5:26 am ; Email Status : Successful 
Email sending attempt on : January 5, 2022, 5:27 am ; Email Status : Successful 
Email sending attempt on : January 5, 2022, 5:27 am ; Email Status : Successful 
Email sending attempt on : January 5, 2022, 5:29 am ; Email Status : Successful 
Email sending attempt on : January 5, 2022, 5:31 am ; Email Status : Successful 
Email sending attempt on : January 5, 2022, 5:32 am ; Email Status : Error 
Email sending attempt on : January 5, 2022, 5:33 am ; Email Status : Error 
Email sending attempt on : January 5, 2022, 5:35 am ; Email Status : Successful 
Email sending attempt on : January 5, 2022, 5:38 am ; Email Status : Successful 
Email sending attempt on : January 5, 2022, 5:40 am ; Email Status : Successful 
Email sending attempt on : January 5, 2022, 5:46 am ; Email Status : Successful 
Email sending attempt on : January 5, 2022, 5:47 am ; Email Status : Error 
Email sending attempt on : January 5, 2022, 5:48 am ; Email Status : Error 
Email sending attempt on : January 5, 2022, 5:49 am ; Email Status : Error 
Email sending attempt on : January 5, 2022, 5:50 am ; Email Status : Error 
Email sending attempt on : January 5, 2022, 5:51 am ; Email Status : Error 
Email sending attempt on : January 5, 2022, 5:52 am ; Email Status : Successful 
Email sending attempt on : January 5, 2022, 5:52 am ; Email Status : Successful 
Email sending attempt on : January 5, 2022, 5:54 am ; Email Status : Successful 
Email sending attempt on : January 5, 2022, 5:57 am ; Email Status : Error 
Email sending attempt on : January 5, 2022, 6:02 am ; Email Status : Error 
Email sending attempt on : January 5, 2022, 6:03 am ; Email Status : Successful 
Email sending attempt on : January 9, 2022, 3:00 pm ; Email Status : Successful 
Email sending attempt on : January 9, 2022, 3:04 pm ; Email Status : Successful 
Email sending attempt on : January 15, 2022, 4:01 pm ; Email Status : Successful 
Email sending attempt on : January 15, 2022, 9:10 pm ; Email Status : Successful 
Email sending attempt on : January 15, 2022, 9:12 pm ; Email Status : Successful 
Email sending attempt on : January 15, 2022, 9:39 pm ; Email Status : Successful 
Email sending attempt on : January 15, 2022, 10:00 pm ; Email Status : Successful 
Email sending attempt on : January 15, 2022, 10:00 pm ; Email Status : Successful 
Email sending attempt on : January 15, 2022, 10:01 pm ; Email Status : Successful 
Email sending attempt on : January 15, 2022, 10:09 pm ; Email Status : Successful 
Email sending attempt on : January 15, 2022, 10:10 pm ; Email Status : Successful 
Email sending attempt on : January 15, 2022, 10:29 pm ; Email Status : Successful 
Email sending attempt on : January 15, 2022, 10:29 pm ; Email Status : Successful 
Email sending attempt on : January 15, 2022, 10:33 pm ; Email Status : Successful 
Email sending attempt on : January 20, 2022, 11:13 pm ; Email Status : Successful 
Email sending attempt on : January 20, 2022, 11:16 pm ; Email Status : Successful 
Email sending attempt on : January 20, 2022, 11:51 pm ; Email Status : Successful 
Email sending attempt on : January 20, 2022, 11:52 pm ; Email Status : Successful 
Email sending attempt on : January 21, 2022, 12:13 am ; Email Status : Successful 
Email sending attempt on : January 21, 2022, 12:15 am ; Email Status : Successful 
Email sending attempt on : January 21, 2022, 12:15 am ; Email Status : Successful 
Email sending attempt on : January 21, 2022, 12:16 am ; Email Status : Successful 
Email sending attempt on : January 21, 2022, 12:16 am ; Email Status : Successful 
Email sending attempt on : January 21, 2022, 12:17 am ; Email Status : Successful 
Email sending attempt on : January 21, 2022, 12:32 am ; Email Status : Successful 
Email sending attempt on : January 21, 2022, 12:37 am ; Email Status : Successful 
Email sending attempt on : January 21, 2022, 12:44 am ; Email Status : Successful 
Email sending attempt on : January 21, 2022, 12:46 am ; Email Status : Successful 
Email sending attempt on : January 21, 2022, 12:53 am ; Email Status : Successful 
Email sending attempt on : January 21, 2022, 12:53 am ; Email Status : Successful 
Email sending attempt on : January 21, 2022, 1:17 am ; Email Status : Successful 
Email sending attempt on : January 21, 2022, 1:22 am ; Email Status : Successful 
Email sending attempt on : January 21, 2022, 1:30 am ; Email Status : Successful 
Email sending attempt on : January 21, 2022, 1:32 am ; Email Status : Successful 
Email sending attempt on : January 21, 2022, 1:33 am ; Email Status : Successful 
Email sending attempt on : January 21, 2022, 1:33 am ; Email Status : Successful 
Email sending attempt on : January 21, 2022, 1:35 am ; Email Status : Successful 
Email sending attempt on : January 21, 2022, 1:35 am ; Email Status : Successful 
Email sending attempt on : January 21, 2022, 1:37 am ; Email Status : Successful 
Email sending attempt on : January 21, 2022, 1:40 am ; Email Status : Successful 
Email sending attempt on : January 21, 2022, 1:40 am ; Email Status : Successful 
Email sending attempt on : January 21, 2022, 1:42 am ; Email Status : Successful 
Email sending attempt on : January 21, 2022, 1:45 am ; Email Status : Successful 
Email sending attempt on : January 21, 2022, 1:52 am ; Email Status : Successful 
Email sending attempt on : January 21, 2022, 1:53 am ; Email Status : Successful 
Email sending attempt on : January 21, 2022, 1:55 am ; Email Status : Successful 
Email sending attempt on : January 21, 2022, 1:56 am ; Email Status : Successful 
Email sending attempt on : January 21, 2022, 2:03 am ; Email Status : Successful 
Email sending attempt on : January 21, 2022, 2:03 am ; Email Status : Successful 
Email sending attempt on : January 21, 2022, 2:03 am ; Email Status : Successful 
Email sending attempt on : January 21, 2022, 2:16 am ; Email Status : Successful 
Email sending attempt on : January 21, 2022, 2:21 am ; Email Status : Successful 
Email sending attempt on : January 21, 2022, 2:25 am ; Email Status : Successful 
Email sending attempt on : January 21, 2022, 2:25 am ; Email Status : Successful 
Email sending attempt on : January 21, 2022, 2:58 am ; Email Status : Successful 
Email sending attempt on : January 21, 2022, 2:59 am ; Email Status : Successful 
Email sending attempt on : January 21, 2022, 3:08 am ; Email Status : Successful 
Email sending attempt on : January 21, 2022, 3:24 am ; Email Status : Successful 
Email sending attempt on : January 21, 2022, 3:27 am ; Email Status : Successful 
Email sending attempt on : January 21, 2022, 3:33 am ; Email Status : Successful 
Email sending attempt on : January 21, 2022, 3:42 am ; Email Status : Successful 
Email sending attempt on : January 21, 2022, 3:48 am ; Email Status : Successful 
Email sending attempt on : January 21, 2022, 3:56 am ; Email Status : Successful 
Email sending attempt on : January 21, 2022, 4:18 am ; Email Status : Successful 
Email sending attempt on : January 21, 2022, 4:18 am ; Email Status : Successful 
Email sending attempt on : January 21, 2022, 4:22 am ; Email Status : Successful 
Email sending attempt on : January 21, 2022, 5:18 am ; Email Status : Successful 
Email sending attempt on : January 21, 2022, 5:21 am ; Email Status : Successful 
Email sending attempt on : January 21, 2022, 5:37 am ; Email Status : Successful 
Email sending attempt on : February 5, 2022, 12:00 pm ; Email Status : Successful 
Email sending attempt on : February 5, 2022, 12:11 pm ; Email Status : Successful 
Email sending attempt on : February 5, 2022, 12:13 pm ; Email Status : Successful 
Email sending attempt on : February 9, 2022, 10:02 pm ; Email Status : Successful 
Email sending attempt on : February 9, 2022, 10:06 pm ; Email Status : Successful 
Email sending attempt on : February 9, 2022, 10:07 pm ; Email Status : Successful 
Email sending attempt on : February 9, 2022, 10:10 pm ; Email Status : Successful 
Email sending attempt on : February 9, 2022, 10:12 pm ; Email Status : Successful 
Email sending attempt on : February 9, 2022, 10:15 pm ; Email Status : Successful 
Email sending attempt on : February 9, 2022, 10:17 pm ; Email Status : Successful 
Email sending attempt on : February 9, 2022, 10:18 pm ; Email Status : Successful 
Email sending attempt on : February 9, 2022, 10:20 pm ; Email Status : Successful 
Email sending attempt on : February 9, 2022, 10:22 pm ; Email Status : Successful 
Email sending attempt on : February 9, 2022, 10:23 pm ; Email Status : Successful 
Email sending attempt on : February 9, 2022, 10:30 pm ; Email Status : Successful 
Email sending attempt on : February 9, 2022, 10:49 pm ; Email Status : Successful 
Email sending attempt on : February 9, 2022, 10:49 pm ; Email Status : Successful 
Email sending attempt on : February 10, 2022, 3:02 am ; Email Status : Successful 
Email sending attempt on : February 10, 2022, 3:04 am ; Email Status : Successful 
Email sending attempt on : February 10, 2022, 3:05 am ; Email Status : Successful 
Email sending attempt on : February 10, 2022, 3:06 am ; Email Status : Successful 
Email sending attempt on : February 10, 2022, 3:06 am ; Email Status : Successful 
Email sending attempt on : February 10, 2022, 3:07 am ; Email Status : Successful 
Email sending attempt on : February 10, 2022, 3:09 am ; Email Status : Successful 
Email sending attempt on : February 10, 2022, 3:10 am ; Email Status : Successful 
Email sending attempt on : February 10, 2022, 3:10 am ; Email Status : Successful 
Email sending attempt on : February 10, 2022, 3:11 am ; Email Status : Successful 
Email sending attempt on : February 10, 2022, 2:07 pm ; Email Status : Successful 
Email sending attempt on : February 10, 2022, 2:10 pm ; Email Status : Successful 
Email sending attempt on : February 10, 2022, 2:10 pm ; Email Status : Successful 
Email sending attempt on : February 10, 2022, 2:26 pm ; Email Status : Successful 
Email sending attempt on : February 10, 2022, 2:35 pm ; Email Status : Successful 
Email sending attempt on : February 10, 2022, 2:35 pm ; Email Status : Successful 
Email sending attempt on : February 10, 2022, 2:35 pm ; Email Status : Successful 
Email sending attempt on : February 10, 2022, 2:37 pm ; Email Status : Successful 
Email sending attempt on : February 10, 2022, 2:37 pm ; Email Status : Successful 
Email sending attempt on : February 10, 2022, 2:37 pm ; Email Status : Successful 
Email sending attempt on : February 10, 2022, 2:47 pm ; Email Status : Successful 
Email sending attempt on : February 10, 2022, 2:48 pm ; Email Status : Successful 
Email sending attempt on : February 10, 2022, 2:49 pm ; Email Status : Successful 
Email sending attempt on : February 10, 2022, 2:53 pm ; Email Status : Successful 
Email sending attempt on : February 10, 2022, 2:54 pm ; Email Status : Successful 
Email sending attempt on : February 10, 2022, 2:56 pm ; Email Status : Successful 
Email sending attempt on : February 10, 2022, 2:57 pm ; Email Status : Successful 
Email sending attempt on : February 10, 2022, 2:57 pm ; Email Status : Successful 
Email sending attempt on : February 10, 2022, 2:58 pm ; Email Status : Successful 
Email sending attempt on : February 10, 2022, 3:04 pm ; Email Status : Successful 
Email sending attempt on : February 10, 2022, 4:11 pm ; Email Status : Successful 
Email sending attempt on : February 10, 2022, 4:33 pm ; Email Status : Successful 
Email sending attempt on : February 10, 2022, 4:34 pm ; Email Status : Successful 
Email sending attempt on : February 10, 2022, 4:35 pm ; Email Status : Successful 
Email sending attempt on : February 10, 2022, 4:35 pm ; Email Status : Successful 
Email sending attempt on : February 10, 2022, 5:52 pm ; Email Status : Successful 
Email sending attempt on : February 10, 2022, 5:52 pm ; Email Status : Successful 
Email sending attempt on : February 10, 2022, 5:52 pm ; Email Status : Successful 
Email sending attempt on : February 10, 2022, 5:55 pm ; Email Status : Successful 
