Expiration System Ran on : January 3, 2022, 12:31 pm ; Passes Changed : 0 | Bookings Changed : 0
Expiration System Ran on : January 3, 2022, 12:32 pm ; Passes Changed : 0 | Bookings Changed : 0
Expiration System Ran on : January 3, 2022, 12:32 pm ; Passes Changed : 0 | Bookings Changed : 3
Expiration System Ran on : January 4, 2022, 11:44 pm ; Passes Changed : 1 | Bookings Changed : 4
Expiration System Ran on : January 4, 2022, 11:44 pm ; Passes Changed : 0 | Bookings Changed : 0
Expiration System Ran on : January 4, 2022, 23 ; Passes Changed : 0 | Bookings Changed : 0
Expiration System Ran on : January 5, 2022, 5:18 am ; Passes Changed : 0 | Bookings Changed : 0
Expiration System Ran on : January 5, 2022, 5:19 am ; Passes Changed : 0 | Bookings Changed : 0
Expiration System Ran on : January 5, 2022, 5:19 am ; Passes Changed : 0 | Bookings Changed : 0
Expiration System Ran on : January 5, 2022, 12:12 am ; Passes Changed : 0 | Bookings Changed : 0
Expiration System Ran on : January 5, 2022, 12:12 am ; Passes Changed : 0 | Bookings Changed : 0
Expiration System Ran on : January 5, 2022, 5:43 am ; Passes Changed : 0 | Bookings Changed : 0
Expiration System Ran on : January 5, 2022, 5:43 am ; Passes Changed : 0 | Bookings Changed : 0
Expiration System Ran on : January 5, 2022, 5:43 am ; Passes Changed : 0 | Bookings Changed : 0
Expiration System Ran on : January 5, 2022, 5:43 am ; Passes Changed : 0 | Bookings Changed : 0
Expiration System Ran on : January 5, 2022, 5:55 am ; Passes Changed : 0 | Bookings Changed : 0
Expiration System Ran on : January 9, 2022, 2:38 pm ; Passes Changed : 0 | Bookings Changed : 0
Expiration System Ran on : January 15, 2022, 12:00 am ; Passes Changed : 0 | Bookings Changed : 0
Expiration System Ran on : January 16, 2022, 12:00 am ; Passes Changed : 0 | Bookings Changed : 0
Expiration System Ran on : January 19, 2022, 12:00 am ; Passes Changed : 0 | Bookings Changed : 1
Expiration System Ran on : January 20, 2022, 12:00 am ; Passes Changed : 0 | Bookings Changed : 2
Expiration System Ran on : January 21, 2022, 12:00 am ; Passes Changed : 1 | Bookings Changed : 0
Expiration System Ran on : February 9, 2022, 9:53 pm ; Passes Changed : 0 | Bookings Changed : 13
Expiration System Ran on : February 10, 2022, 12:00 am ; Passes Changed : 0 | Bookings Changed : 0
